\BOOKMARK [0][-]{Doc-Start}{\376\377\000P\000o\000d\001\033\000k\000o\000v\000\341\000n\000\355}{}% 1
\BOOKMARK [0][-]{Doc-Start}{\376\377\000A\000b\000s\000t\000r\000a\000k\000t}{}% 2
\BOOKMARK [0][-]{Doc-Start}{\376\377\000O\000b\000s\000a\000h}{}% 3
\BOOKMARK [0][-]{chapter*.2}{\376\377\000\332\000v\000o\000d}{}% 4
\BOOKMARK [-1][-]{part.1}{\376\377\000I\000\040\000T\000e\000o\000r\000e\000t\000i\000c\000k\000\341\000\040\001\015\000\341\000s\000t}{}% 5
\BOOKMARK [0][-]{chapter.1}{\376\377\000\332\000v\000o\000d\000\040\000d\000o\000\040\000k\000v\000a\000n\000t\000o\000v\000\351\000\040\000i\000n\000f\000o\000r\000m\000a\000t\000i\000k\000y}{part.1}% 6
\BOOKMARK [1][-]{section.1.1}{\376\377\000Q\000b\000i\000t}{chapter.1}% 7
\BOOKMARK [2][-]{subsection.1.1.1}{\376\377\000K\000v\000a\000n\000t\000o\000v\000\351\000\040\000b\000r\000\341\000n\000y}{section.1.1}% 8
\BOOKMARK [2][-]{subsection.1.1.2}{\376\377\000P\000a\000u\000l\000i\000h\000o\000\040\000B\000r\000\341\000n\000y}{section.1.1}% 9
\BOOKMARK [1][-]{section.1.2}{\376\377\000V\000\355\000c\000e\000\040\000Q\000b\000i\000t\001\157}{chapter.1}% 10
\BOOKMARK [1][-]{section.1.3}{\376\377\000B\000r\000\341\000n\000y\000\040\000p\000r\000o\000\040\000v\000\355\000c\000e\000\040\000q\000b\000i\000t\001\157}{chapter.1}% 11
\BOOKMARK [2][-]{subsection.1.3.1}{\376\377\000K\000v\000a\000n\000t\000o\000v\000\351\000\040\000p\000r\000o\000v\000\341\000z\000\341\000n\000\355}{section.1.3}% 12
\BOOKMARK [2][-]{subsection.1.3.2}{\376\377\000B\000e\000l\000l\000o\000v\000y\000\040\000s\000t\000a\000v\000y}{section.1.3}% 13
\BOOKMARK [2][-]{subsection.1.3.3}{\376\377\000N\000o\000-\000c\000l\000o\000n\000n\000i\000n\000g\000\040\000t\000h\000e\000o\000r\000e\000m}{section.1.3}% 14
\BOOKMARK [1][-]{section.1.4}{\376\377\000K\000v\000a\000n\000t\000o\000v\000\375\000\040\000p\000a\000r\000a\000l\000e\000l\000i\000s\000m\000u\000s}{chapter.1}% 15
\BOOKMARK [1][-]{section.1.5}{\376\377\000K\000v\000a\000n\000t\000o\000v\000\351\000\040\000o\000b\000v\000o\000d\000y}{chapter.1}% 16
\BOOKMARK [2][-]{subsection.1.5.1}{\376\377\000P\000a\000r\000a\000m\000e\000t\000r\000i\000z\000o\000v\000a\000n\000\351\000\040\000o\000b\000v\000o\000d\000y}{section.1.5}% 17
\BOOKMARK [1][-]{section.1.6}{\376\377\000M\001\033\001\131\000e\000n\000\355\000\040\000n\000a\000\040\000k\000v\000a\000n\000t\000o\000v\000\351\000m\000\040\000p\000o\001\015\000\355\000t\000a\001\015\000i}{chapter.1}% 18
\BOOKMARK [2][-]{subsection.1.6.1}{\376\377\000M\001\033\001\131\000e\000n\000\355\000\040\000v\000\040\000B\000\341\000z\000i}{section.1.6}% 19
\BOOKMARK [2][-]{subsection.1.6.2}{\376\377\000M\001\033\001\131\000e\000n\000\355\000\040\000o\000p\000e\000r\000\341\000t\000o\000r\001\157}{section.1.6}% 20
\BOOKMARK [1][-]{section.1.7}{\376\377\000S\000i\000m\000u\000l\000a\000c\000e\000\040\000n\000a\000\040\000k\000v\000a\000n\000t\000o\000v\000\351\000m\000\040\000p\000o\001\015\000\355\000t\000a\001\015\000i}{chapter.1}% 21
\BOOKMARK [1][-]{section.1.8}{\376\377\000F\000y\000z\000i\000c\000k\000\351\000\040\000k\000v\000a\000n\000t\000o\000v\000\351\000\040\000p\000o\001\015\000\355\000t\000a\001\015\000e}{chapter.1}% 22
\BOOKMARK [2][-]{subsection.1.8.1}{\376\377\000I\000m\000p\000l\000e\000m\000e\000n\000t\000a\000c\000e}{section.1.8}% 23
\BOOKMARK [2][-]{subsection.1.8.2}{\376\377\001\140\000u\000m}{section.1.8}% 24
\BOOKMARK [0][-]{chapter.2}{\376\377\000V\000a\000r\000i\000a\001\015\000n\000\355\000\040\000k\000v\000a\000n\000t\000o\000v\000\351\000\040\000a\000l\000g\000o\000r\000i\000t\000m\000y}{part.1}% 25
\BOOKMARK [1][-]{section.2.1}{\376\377\000Q\000A\000O\000A}{chapter.2}% 26
\BOOKMARK [1][-]{section.2.2}{\376\377\000V\000Q\000E}{chapter.2}% 27
\BOOKMARK [2][-]{subsection.2.2.1}{\376\377\000V\000a\000r\000i\000a\001\015\000n\000\355\000\040\000p\000r\000i\000n\000c\000i\000p}{section.2.2}% 28
\BOOKMARK [2][-]{subsection.2.2.2}{\376\377\000Q\000u\000a\000n\000t\000u\000m\000\040\000p\000h\000a\000s\000e\000\040\000e\000s\000t\000i\000m\000a\000t\000i\000o\000n}{section.2.2}% 29
\BOOKMARK [2][-]{subsection.2.2.3}{\376\377\000A\000p\000l\000i\000k\000a\000c\000e\000\040\000V\000Q\000E}{section.2.2}% 30
\BOOKMARK [0][-]{chapter.3}{\376\377\000V\000Q\000E}{part.1}% 31
\BOOKMARK [1][-]{section.3.1}{\376\377\000P\000o\000p\000i\000s\000\040\000a\000l\000g\000o\000r\000i\000t\000m\000u}{chapter.3}% 32
\BOOKMARK [1][-]{section.3.2}{\376\377\000E\000n\000k\000\363\000d\000o\000v\000\341\000n\000\355\000\040\000H\000a\000m\000i\000l\000t\000o\000n\000i\000\341\000n\000u}{chapter.3}% 33
\BOOKMARK [2][-]{subsection.3.2.1}{\376\377\001\014\000\341\000s\000t\000i\000c\000e\000\040\000v\000e\000\040\000s\000f\000\351\000r\000i\000c\000k\000y\000\040\000s\000y\000m\000e\000t\000r\000i\000c\000k\000\351\000m\000\040\000p\000o\000t\000e\000n\000c\000i\000\341\000l\000u}{section.3.2}% 34
\BOOKMARK [2][-]{subsection.3.2.2}{\376\377\000N\000e\000r\000o\000z\000l\000i\001\141\000i\000t\000e\000l\000n\000\351\000\040\001\015\000\341\000s\000t\000i\000c\000e}{section.3.2}% 35
\BOOKMARK [2][-]{subsection.3.2.3}{\376\377\000P\000r\000v\000n\000\355\000\040\000k\000v\000a\000n\000t\000o\000v\000\341\000n\000\355}{section.3.2}% 36
\BOOKMARK [2][-]{subsection.3.2.4}{\376\377\000D\000r\000u\000h\000\351\000\040\000k\000v\000a\000n\000t\000o\000v\000\341\000n\000\355}{section.3.2}% 37
\BOOKMARK [2][-]{subsection.3.2.5}{\376\377\000J\000o\000r\000d\000a\000n\000-\000W\000i\000e\000g\000n\000e\000r\000o\000v\000a\000\040\000t\000r\000a\000n\000s\000f\000o\000r\000m\000a\000c\000e}{section.3.2}% 38
\BOOKMARK [1][-]{section.3.3}{\376\377\000A\000n\000s\000a\000t\000z}{chapter.3}% 39
\BOOKMARK [1][-]{section.3.4}{\376\377\000M\001\033\001\131\000e\000n\000\355}{chapter.3}% 40
\BOOKMARK [2][-]{subsection.3.4.1}{\376\377\000P\000a\000u\000l\000i\000h\000o\000\040\001\131\000e\000t\001\033\000z\000c\000e}{section.3.4}% 41
\BOOKMARK [2][-]{subsection.3.4.2}{\376\377\000D\000i\000a\000g\000o\000n\000a\000l\000i\000z\000a\000c\000e}{section.3.4}% 42
\BOOKMARK [2][-]{subsection.3.4.3}{\376\377\000S\000e\000s\000k\000u\000p\000e\000n\000\355}{section.3.4}% 43
\BOOKMARK [1][-]{section.3.5}{\376\377\000O\000p\000t\000i\000m\000i\000z\000\351\000r\000y}{chapter.3}% 44
\BOOKMARK [2][-]{subsection.3.5.1}{\376\377\000G\000r\000a\000d\000i\000e\000n\000t\000n\000\355}{section.3.5}% 45
\BOOKMARK [2][-]{subsection.3.5.2}{\376\377\000N\000e\000g\000r\000a\000d\000i\000e\000n\000t\000n\000\355}{section.3.5}% 46
\BOOKMARK [1][-]{section.3.6}{\376\377\000M\000o\000d\000i\000f\000i\000k\000a\000c\000e\000\040\000a\000\040\000b\000u\000d\000o\000u\000c\000n\000o\000s\000t}{chapter.3}% 47
\BOOKMARK [2][-]{subsection.3.6.1}{\376\377\000P\000a\000r\000a\000l\000e\000l\000i\000z\000a\000c\000e}{section.3.6}% 48
\BOOKMARK [2][-]{subsection.3.6.2}{\376\377\000E\000x\000c\000i\000t\000o\000v\000a\000n\000\351\000\040\000s\000t\000a\000v\000y}{section.3.6}% 49
\BOOKMARK [2][-]{subsection.3.6.3}{\376\377\000F\000o\000l\000d\000e\000d\000\040\000S\000p\000e\000c\000t\000r\000u\000m\000\040\000V\000Q\000E}{section.3.6}% 50
\BOOKMARK [2][-]{subsection.3.6.4}{\376\377\000C\000a\000s\000c\000a\000d\000e\000d\000\040\000V\000Q\000E}{section.3.6}% 51
\BOOKMARK [0][-]{chapter.4}{\376\377\000K\000v\000a\000r\000k\000o\000n\000i\000a\000\040\000\050\000V\000e\000k\000t\000o\000r\000o\000v\000\351\000\040\000m\000e\000z\000o\000n\000y\000\051}{part.1}% 52
\BOOKMARK [-1][-]{part.2}{\376\377\000I\000I\000\040\000P\000r\000a\000k\000t\000i\000c\000k\000\341\000\040\001\015\000\341\000s\000t}{}% 53
\BOOKMARK [0][-]{chapter*.18}{\376\377\000Z\000\341\000v\001\033\000r}{part.2}% 54
\BOOKMARK [0][-]{chapter*.19}{\376\377\000B\000i\000b\000l\000i\000o\000g\000r\000a\000f\000i\000e}{part.2}% 55
